<?xml version="1.0" encoding="UTF-8"?>
<robot generator="Robot 3.0.4 (Python 3.7.0 on win32)" generated="20181011 00:53:32.919">
<suite id="s1" name="Test1" source="C:\Users\zoz9\Documents\GitHub\Using_Robot_Framework-Selenium\tests\test1.robot">
<test id="s1-t1" name="test1">
<kw name="Search press enter">
<kw name="Create Webdriver" library="Selenium2Library">
<doc>Creates an instance of Selenium WebDriver.</doc>
<arguments>
<arg>Chrome</arg>
</arguments>
<msg timestamp="20181011 00:53:33.184" level="INFO">Creating an instance of the Chrome WebDriver.</msg>
<status status="PASS" starttime="20181011 00:53:33.184" endtime="20181011 00:53:35.580"></status>
</kw>
<kw name="Go To" library="Selenium2Library">
<doc>Navigates the active browser instance to the provided ``url``.</doc>
<arguments>
<arg>https://hotline.ua/</arg>
</arguments>
<msg timestamp="20181011 00:53:35.580" level="INFO">Opening url 'https://hotline.ua/'</msg>
<status status="PASS" starttime="20181011 00:53:35.580" endtime="20181011 00:53:38.474"></status>
</kw>
<kw name="Input Text" library="Selenium2Library">
<doc>Types the given ``text`` into text field identified by ``locator``.</doc>
<arguments>
<arg>name=q</arg>
<arg>${searchword}</arg>
</arguments>
<msg timestamp="20181011 00:53:38.474" level="INFO">Typing text 'iPhone 7' into text field 'name=q'.</msg>
<status status="PASS" starttime="20181011 00:53:38.474" endtime="20181011 00:53:38.825"></status>
</kw>
<kw name="Press Key" library="Selenium2Library">
<doc>Simulates user pressing key on element identified by ``locator``.</doc>
<arguments>
<arg>id=doSearch</arg>
<arg>\\13</arg>
</arguments>
<status status="PASS" starttime="20181011 00:53:38.825" endtime="20181011 00:53:38.929"></status>
</kw>
<kw name="Sleep" library="BuiltIn">
<doc>Pauses the test executed for the given time.</doc>
<arguments>
<arg>2s</arg>
</arguments>
<msg timestamp="20181011 00:53:40.930" level="INFO">Slept 2 seconds</msg>
<status status="PASS" starttime="20181011 00:53:38.930" endtime="20181011 00:53:40.930"></status>
</kw>
<status status="PASS" starttime="20181011 00:53:33.184" endtime="20181011 00:53:40.930"></status>
</kw>
<kw name="url click number">
<arguments>
<arg>1</arg>
</arguments>
<kw name="Wait Until Element Is Visible" library="Selenium2Library">
<doc>Waits until element ``locator`` is visible.</doc>
<arguments>
<arg>xpath=//a[@data-tracking-id="catalog-10"]</arg>
</arguments>
<status status="PASS" starttime="20181011 00:53:40.931" endtime="20181011 00:53:43.718"></status>
</kw>
<kw name="Get Matching Xpath Count" library="Selenium2Library">
<doc>*DEPRECATED in Selenium2Library 3.2.* Use `Get Element Count` instead.</doc>
<arguments>
<arg>xpath=//a[@data-tracking-id="catalog-10"]</arg>
</arguments>
<assign>
<var>${AllLinksCount}</var>
</assign>
<msg timestamp="20181011 00:53:43.718" level="WARN">Keyword 'Selenium2Library.Get Matching Xpath Count' is deprecated. Use `Get Element Count` instead.</msg>
<msg timestamp="20181011 00:53:43.733" level="INFO">${AllLinksCount} = 20</msg>
<status status="PASS" starttime="20181011 00:53:43.718" endtime="20181011 00:53:43.733"></status>
</kw>
<kw name="Click Element" library="Selenium2Library">
<doc>Click element identified by ``locator``.</doc>
<arguments>
<arg>xpath=(//a[@data-tracking-id="catalog-10"])[${searhlinc}]</arg>
</arguments>
<msg timestamp="20181011 00:53:43.733" level="INFO">Clicking element 'xpath=(//a[@data-tracking-id="catalog-10"])[1]'.</msg>
<status status="PASS" starttime="20181011 00:53:43.733" endtime="20181011 00:53:47.617"></status>
</kw>
<status status="PASS" starttime="20181011 00:53:40.931" endtime="20181011 00:53:47.618"></status>
</kw>
<status status="PASS" starttime="20181011 00:53:33.184" endtime="20181011 00:53:47.618" critical="yes"></status>
</test>
<test id="s1-t2" name="test2">
<kw name="Search press button">
<kw name="Create Webdriver" library="Selenium2Library">
<doc>Creates an instance of Selenium WebDriver.</doc>
<arguments>
<arg>Chrome</arg>
</arguments>
<msg timestamp="20181011 00:53:47.621" level="INFO">Creating an instance of the Chrome WebDriver.</msg>
<status status="PASS" starttime="20181011 00:53:47.621" endtime="20181011 00:53:49.896"></status>
</kw>
<kw name="Go To" library="Selenium2Library">
<doc>Navigates the active browser instance to the provided ``url``.</doc>
<arguments>
<arg>https://hotline.ua/</arg>
</arguments>
<msg timestamp="20181011 00:53:49.897" level="INFO">Opening url 'https://hotline.ua/'</msg>
<status status="PASS" starttime="20181011 00:53:49.896" endtime="20181011 00:53:52.655"></status>
</kw>
<kw name="Sleep" library="BuiltIn">
<doc>Pauses the test executed for the given time.</doc>
<arguments>
<arg>1s</arg>
</arguments>
<msg timestamp="20181011 00:53:53.655" level="INFO">Slept 1 second</msg>
<status status="PASS" starttime="20181011 00:53:52.655" endtime="20181011 00:53:53.655"></status>
</kw>
<kw name="Input Text" library="Selenium2Library">
<doc>Types the given ``text`` into text field identified by ``locator``.</doc>
<arguments>
<arg>name=q</arg>
<arg>${searchword}</arg>
</arguments>
<msg timestamp="20181011 00:53:53.656" level="INFO">Typing text 'iPhone 7' into text field 'name=q'.</msg>
<status status="PASS" starttime="20181011 00:53:53.655" endtime="20181011 00:53:54.024"></status>
</kw>
<kw name="Click Button" library="Selenium2Library">
<doc>Clicks button identified by ``locator``.</doc>
<arguments>
<arg>id=doSearch</arg>
</arguments>
<msg timestamp="20181011 00:53:54.024" level="INFO">Clicking button 'id=doSearch'.</msg>
<status status="PASS" starttime="20181011 00:53:54.024" endtime="20181011 00:53:54.211"></status>
</kw>
<kw name="Sleep" library="BuiltIn">
<doc>Pauses the test executed for the given time.</doc>
<arguments>
<arg>2s</arg>
</arguments>
<msg timestamp="20181011 00:53:56.212" level="INFO">Slept 2 seconds</msg>
<status status="PASS" starttime="20181011 00:53:54.211" endtime="20181011 00:53:56.212"></status>
</kw>
<status status="PASS" starttime="20181011 00:53:47.621" endtime="20181011 00:53:56.212"></status>
</kw>
<kw name="url click number">
<arguments>
<arg>1</arg>
</arguments>
<kw name="Wait Until Element Is Visible" library="Selenium2Library">
<doc>Waits until element ``locator`` is visible.</doc>
<arguments>
<arg>xpath=//a[@data-tracking-id="catalog-10"]</arg>
</arguments>
<status status="PASS" starttime="20181011 00:53:56.215" endtime="20181011 00:54:00.326"></status>
</kw>
<kw name="Get Matching Xpath Count" library="Selenium2Library">
<doc>*DEPRECATED in Selenium2Library 3.2.* Use `Get Element Count` instead.</doc>
<arguments>
<arg>xpath=//a[@data-tracking-id="catalog-10"]</arg>
</arguments>
<assign>
<var>${AllLinksCount}</var>
</assign>
<msg timestamp="20181011 00:54:00.326" level="WARN">Keyword 'Selenium2Library.Get Matching Xpath Count' is deprecated. Use `Get Element Count` instead.</msg>
<msg timestamp="20181011 00:54:00.344" level="INFO">${AllLinksCount} = 20</msg>
<status status="PASS" starttime="20181011 00:54:00.326" endtime="20181011 00:54:00.344"></status>
</kw>
<kw name="Click Element" library="Selenium2Library">
<doc>Click element identified by ``locator``.</doc>
<arguments>
<arg>xpath=(//a[@data-tracking-id="catalog-10"])[${searhlinc}]</arg>
</arguments>
<msg timestamp="20181011 00:54:00.345" level="INFO">Clicking element 'xpath=(//a[@data-tracking-id="catalog-10"])[1]'.</msg>
<status status="PASS" starttime="20181011 00:54:00.344" endtime="20181011 00:54:04.088"></status>
</kw>
<status status="PASS" starttime="20181011 00:53:56.214" endtime="20181011 00:54:04.088"></status>
</kw>
<status status="PASS" starttime="20181011 00:53:47.620" endtime="20181011 00:54:04.088" critical="yes"></status>
</test>
<kw name="Close All Browsers" library="Selenium2Library" type="teardown">
<doc>Closes all open browsers and resets the browser cache.</doc>
<status status="PASS" starttime="20181011 00:54:04.091" endtime="20181011 00:54:09.533"></status>
</kw>
<status status="PASS" starttime="20181011 00:53:32.919" endtime="20181011 00:54:09.533"></status>
</suite>
<statistics>
<total>
<stat pass="2" fail="0">Critical Tests</stat>
<stat pass="2" fail="0">All Tests</stat>
</total>
<tag>
</tag>
<suite>
<stat pass="2" fail="0" id="s1" name="Test1">Test1</stat>
</suite>
</statistics>
<errors>
<msg timestamp="20181011 00:53:43.718" level="WARN">Keyword 'Selenium2Library.Get Matching Xpath Count' is deprecated. Use `Get Element Count` instead.</msg>
<msg timestamp="20181011 00:54:00.326" level="WARN">Keyword 'Selenium2Library.Get Matching Xpath Count' is deprecated. Use `Get Element Count` instead.</msg>
</errors>
</robot>
